<?xml version="1.0" encoding="UTF-8"?>
<testng-results ignored="0" total="6" passed="6" failed="0" skipped="0">
  <reporter-output>
  </reporter-output>
  <suite started-at="2023-06-08T14:22:40 IST" name="Default suite" finished-at="2023-06-08T14:26:10 IST" duration-ms="210905">
    <groups>
      <group name="cucumber">
        <method signature="AbstractTestNGCucumberTests.runScenario(io.cucumber.testng.PickleWrapper,io.cucumber.testng.FeatureWrapper)[pri:0, instance:testrunner.ContactUsPage_TestRunner_1@5386659f]" name="runScenario" class="io.cucumber.testng.AbstractTestNGCucumberTests"/>
        <method signature="AbstractTestNGCucumberTests.runScenario(io.cucumber.testng.PickleWrapper,io.cucumber.testng.FeatureWrapper)[pri:0, instance:testrunner.ContactUsPage_TestRunner_2@710c2b53]" name="runScenario" class="io.cucumber.testng.AbstractTestNGCucumberTests"/>
        <method signature="AbstractTestNGCucumberTests.runScenario(io.cucumber.testng.PickleWrapper,io.cucumber.testng.FeatureWrapper)[pri:0, instance:testrunner.ContactUsPage_TestRunner_3@5524cca1]" name="runScenario" class="io.cucumber.testng.AbstractTestNGCucumberTests"/>
      </group> <!-- cucumber -->
    </groups>
    <test started-at="2023-06-08T14:22:40 IST" name="Default test" finished-at="2023-06-08T14:26:10 IST" duration-ms="210905">
      <class name="testrunner.ContactUsPage_TestRunner_3">
        <test-method is-config="true" signature="setUpClass(org.testng.ITestContext)[pri:0, instance:testrunner.ContactUsPage_TestRunner_3@5524cca1]" started-at="2023-06-08T14:22:40 IST" name="setUpClass" finished-at="2023-06-08T14:22:40 IST" duration-ms="580" status="PASS">
          <params>
            <param index="0">
              <value>
                <![CDATA[org.testng.TestRunner@4f676900]]>
              </value>
            </param>
          </params>
          <reporter-output>
          </reporter-output>
        </test-method> <!-- setUpClass -->
        <test-method signature="runScenario(io.cucumber.testng.PickleWrapper,io.cucumber.testng.FeatureWrapper)[pri:0, instance:testrunner.ContactUsPage_TestRunner_3@5524cca1]" started-at="2023-06-08T14:22:40 IST" name="runScenario" description="Runs Cucumber Scenarios" data-provider="scenarios" finished-at="2023-06-08T14:23:27 IST" duration-ms="46776" status="PASS">
          <params>
            <param index="0">
              <value>
                <![CDATA["Verify Contact Us Functionality with valid data"]]>
              </value>
            </param>
            <param index="1">
              <value>
                <![CDATA["Contact Us Page"]]>
              </value>
            </param>
          </params>
          <reporter-output>
          </reporter-output>
        </test-method> <!-- runScenario -->
        <test-method is-config="true" signature="tearDownClass()[pri:0, instance:testrunner.ContactUsPage_TestRunner_3@5524cca1]" started-at="2023-06-08T14:23:27 IST" name="tearDownClass" finished-at="2023-06-08T14:23:27 IST" duration-ms="71" status="PASS">
          <reporter-output>
          </reporter-output>
        </test-method> <!-- tearDownClass -->
      </class> <!-- testrunner.ContactUsPage_TestRunner_3 -->
      <class name="testrunner.ContactUsPage_TestRunner_2">
        <test-method is-config="true" signature="setUpClass(org.testng.ITestContext)[pri:0, instance:testrunner.ContactUsPage_TestRunner_2@710c2b53]" started-at="2023-06-08T14:23:27 IST" name="setUpClass" finished-at="2023-06-08T14:23:27 IST" duration-ms="15" status="PASS">
          <params>
            <param index="0">
              <value>
                <![CDATA[org.testng.TestRunner@4f676900]]>
              </value>
            </param>
          </params>
          <reporter-output>
          </reporter-output>
        </test-method> <!-- setUpClass -->
        <test-method signature="runScenario(io.cucumber.testng.PickleWrapper,io.cucumber.testng.FeatureWrapper)[pri:0, instance:testrunner.ContactUsPage_TestRunner_2@710c2b53]" started-at="2023-06-08T14:23:27 IST" name="runScenario" description="Runs Cucumber Scenarios" data-provider="scenarios" finished-at="2023-06-08T14:24:16 IST" duration-ms="48498" status="PASS">
          <params>
            <param index="0">
              <value>
                <![CDATA["Verify Contact Us Functionality with valid data"]]>
              </value>
            </param>
            <param index="1">
              <value>
                <![CDATA["Contact Us Page"]]>
              </value>
            </param>
          </params>
          <reporter-output>
          </reporter-output>
        </test-method> <!-- runScenario -->
        <test-method signature="runScenario(io.cucumber.testng.PickleWrapper,io.cucumber.testng.FeatureWrapper)[pri:0, instance:testrunner.ContactUsPage_TestRunner_2@710c2b53]" started-at="2023-06-08T14:24:16 IST" name="runScenario" description="Runs Cucumber Scenarios" data-provider="scenarios" finished-at="2023-06-08T14:25:06 IST" duration-ms="50478" status="PASS">
          <params>
            <param index="0">
              <value>
                <![CDATA["Verify Contact Us Functionality with Invalid data"]]>
              </value>
            </param>
            <param index="1">
              <value>
                <![CDATA["Contact Us Page"]]>
              </value>
            </param>
          </params>
          <reporter-output>
          </reporter-output>
        </test-method> <!-- runScenario -->
        <test-method is-config="true" signature="tearDownClass()[pri:0, instance:testrunner.ContactUsPage_TestRunner_2@710c2b53]" started-at="2023-06-08T14:25:06 IST" name="tearDownClass" finished-at="2023-06-08T14:25:06 IST" duration-ms="22" status="PASS">
          <reporter-output>
          </reporter-output>
        </test-method> <!-- tearDownClass -->
      </class> <!-- testrunner.ContactUsPage_TestRunner_2 -->
      <class name="testrunner.ContactUsPage_TestRunner_1">
        <test-method is-config="true" signature="setUpClass(org.testng.ITestContext)[pri:0, instance:testrunner.ContactUsPage_TestRunner_1@5386659f]" started-at="2023-06-08T14:25:06 IST" name="setUpClass" finished-at="2023-06-08T14:25:06 IST" duration-ms="11" status="PASS">
          <params>
            <param index="0">
              <value>
                <![CDATA[org.testng.TestRunner@4f676900]]>
              </value>
            </param>
          </params>
          <reporter-output>
          </reporter-output>
        </test-method> <!-- setUpClass -->
        <test-method signature="runScenario(io.cucumber.testng.PickleWrapper,io.cucumber.testng.FeatureWrapper)[pri:0, instance:testrunner.ContactUsPage_TestRunner_1@5386659f]" started-at="2023-06-08T14:25:06 IST" name="runScenario" description="Runs Cucumber Scenarios" data-provider="scenarios" finished-at="2023-06-08T14:25:16 IST" duration-ms="9874" status="PASS">
          <params>
            <param index="0">
              <value>
                <![CDATA["Validate user navigates to contact us page"]]>
              </value>
            </param>
            <param index="1">
              <value>
                <![CDATA["Contact Us"]]>
              </value>
            </param>
          </params>
          <reporter-output>
          </reporter-output>
        </test-method> <!-- runScenario -->
        <test-method signature="runScenario(io.cucumber.testng.PickleWrapper,io.cucumber.testng.FeatureWrapper)[pri:0, instance:testrunner.ContactUsPage_TestRunner_1@5386659f]" started-at="2023-06-08T14:25:16 IST" name="runScenario" description="Runs Cucumber Scenarios" data-provider="scenarios" finished-at="2023-06-08T14:25:26 IST" duration-ms="9948" status="PASS">
          <params>
            <param index="0">
              <value>
                <![CDATA["Validate  contact us page GUI"]]>
              </value>
            </param>
            <param index="1">
              <value>
                <![CDATA["Contact Us"]]>
              </value>
            </param>
          </params>
          <reporter-output>
          </reporter-output>
        </test-method> <!-- runScenario -->
        <test-method signature="runScenario(io.cucumber.testng.PickleWrapper,io.cucumber.testng.FeatureWrapper)[pri:0, instance:testrunner.ContactUsPage_TestRunner_1@5386659f]" started-at="2023-06-08T14:25:26 IST" name="runScenario" description="Runs Cucumber Scenarios" data-provider="scenarios" finished-at="2023-06-08T14:26:10 IST" duration-ms="44563" status="PASS">
          <params>
            <param index="0">
              <value>
                <![CDATA["Validate  contact us page Functionality"]]>
              </value>
            </param>
            <param index="1">
              <value>
                <![CDATA["Contact Us"]]>
              </value>
            </param>
          </params>
          <reporter-output>
          </reporter-output>
        </test-method> <!-- runScenario -->
        <test-method is-config="true" signature="tearDownClass()[pri:0, instance:testrunner.ContactUsPage_TestRunner_1@5386659f]" started-at="2023-06-08T14:26:10 IST" name="tearDownClass" finished-at="2023-06-08T14:26:10 IST" duration-ms="24" status="PASS">
          <reporter-output>
          </reporter-output>
        </test-method> <!-- tearDownClass -->
      </class> <!-- testrunner.ContactUsPage_TestRunner_1 -->
    </test> <!-- Default test -->
  </suite> <!-- Default suite -->
</testng-results>
